<?xml version="1.0" encoding="UTF-8"?>
<!-- Generated by org.testng.reporters.JUnitXMLReporter -->
<testsuite ignored="0" hostname="LAPTOP-94T71VHN" failures="0" tests="1" name="Test" time="5.208" errors="0" timestamp="2023-11-25T16:29:29 IST">
  <testcase classname="Module01_LOGIN_TEST.TC1_SwagLabLoginTest" name="@BeforeClass openBrowser" time="5.137">
    <failure type="org.openqa.selenium.remote.NoSuchDriverException" message="Unable to obtain: Capabilities {browserName: chrome, goog:chromeOptions: {args: [--remote-allow-origins=*], extensions: []}}">
      <![CDATA[org.openqa.selenium.remote.NoSuchDriverException: Unable to obtain: Capabilities {browserName: chrome, goog:chromeOptions: {args: [--remote-allow-origins=*], extensions: []}}
at org.openqa.selenium.remote.service.DriverFinder.getPath(DriverFinder.java:29)
at org.openqa.selenium.chrome.ChromeDriver.generateExecutor(ChromeDriver.java:98)
at org.openqa.selenium.chrome.ChromeDriver.<init>(ChromeDriver.java:87)
at org.openqa.selenium.chrome.ChromeDriver.<init>(ChromeDriver.java:82)
at org.openqa.selenium.chrome.ChromeDriver.<init>(ChromeDriver.java:50)
at LibraryFiles.BaseClass.initilizeBrowser(BaseClass.java:15)
at Module01_LOGIN_TEST.TC1_SwagLabLoginTest.openBrowser(TC1_SwagLabLoginTest.java:30)
at java.base/java.util.ArrayList.forEach(ArrayList.java:1511)
Caused by: org.openqa.selenium.WebDriverException: Unsuccessful command executed: [C:\Users\suraj\AppData\Local\Temp\selenium-manager17059557505470014839179567808605049\selenium-manager.exe, --browser, chrome, --output, json]
The chromedriver version cannot be discovered
Build info: version: '4.10.0', revision: 'c14d967899'
System info: os.name: 'Windows 11', os.arch: 'amd64', os.version: '10.0', java.version: '20.0.2'
Driver info: driver.version: ChromeDriver
at org.openqa.selenium.manager.SeleniumManager.runCommand(SeleniumManager.java:130)
at org.openqa.selenium.manager.SeleniumManager.getDriverPath(SeleniumManager.java:251)
at org.openqa.selenium.remote.service.DriverFinder.getPath(DriverFinder.java:27)
... 30 more
... Removed 23 stack frames]]>
    </failure>
  </testcase> <!-- @BeforeClass openBrowser -->
  <testcase classname="Module01_LOGIN_TEST.TC1_SwagLabLoginTest" name="@BeforeMethod loginToApp" time="0.0">
    <skipped/>
  </testcase> <!-- @BeforeMethod loginToApp -->
  <testcase classname="Module01_LOGIN_TEST.TC1_SwagLabLoginTest" name="@AfterMethod logoutFromApp" time="0.0">
    <skipped/>
  </testcase> <!-- @AfterMethod logoutFromApp -->
  <testcase classname="Module01_LOGIN_TEST.TC1_SwagLabLoginTest" name="@AfterClass closeBrowser" time="0.0">
    <skipped/>
  </testcase> <!-- @AfterClass closeBrowser -->
  <testcase classname="Module01_LOGIN_TEST.TC1_SwagLabLoginTest" name="verifyTitle" time="0.0">
    <skipped/>
  </testcase> <!-- verifyTitle -->
</testsuite> <!-- Test -->
